<?xml version="1.0" encoding="UTF-8"?>
<!-- Generated by org.testng.reporters.JUnitXMLReporter -->
<testsuite ignored="1" hostname="LAPTOP-QEHBLUVJ" failures="3" tests="3" name="Test(failed)" time="0.008" errors="0" timestamp="2022-04-10T10:59:21 IST">
  <testcase classname="a8HowToRunFailedTestCases.demo1" name="test3" time="0.001">
    <failure type="java.lang.AssertionError">
      <![CDATA[java.lang.AssertionError
at org.junit.Assert.fail(Assert.java:86)
at org.junit.Assert.assertTrue(Assert.java:41)
at org.junit.Assert.assertTrue(Assert.java:52)
at a8HowToRunFailedTestCases.demo1.test3(demo1.java:17)
at java.base/java.util.ArrayList.forEach(ArrayList.java:1511)
at a8HowToRunFailedTestCases.FailedTestCaseRunner.failedtestcases(FailedTestCaseRunner.java:41)
... Removed 48 stack frames]]>
    </failure>
  </testcase> <!-- test3 -->
  <testcase classname="a8HowToRunFailedTestCases.demo" name="test1" time="0.0">
    <failure type="java.lang.AssertionError">
      <![CDATA[java.lang.AssertionError
at org.junit.Assert.fail(Assert.java:86)
at org.junit.Assert.assertTrue(Assert.java:41)
at org.junit.Assert.assertTrue(Assert.java:52)
at a8HowToRunFailedTestCases.demo.test1(demo.java:16)
at java.base/java.util.ArrayList.forEach(ArrayList.java:1511)
at a8HowToRunFailedTestCases.FailedTestCaseRunner.failedtestcases(FailedTestCaseRunner.java:41)
... Removed 48 stack frames]]>
    </failure>
  </testcase> <!-- test1 -->
  <testcase classname="a8HowToRunFailedTestCases.demo" name="test2" time="0.001">
    <failure type="java.lang.AssertionError">
      <![CDATA[java.lang.AssertionError
at org.junit.Assert.fail(Assert.java:86)
at org.junit.Assert.assertTrue(Assert.java:41)
at org.junit.Assert.assertTrue(Assert.java:52)
at a8HowToRunFailedTestCases.demo.test2(demo.java:25)
at java.base/java.util.ArrayList.forEach(ArrayList.java:1511)
at a8HowToRunFailedTestCases.FailedTestCaseRunner.failedtestcases(FailedTestCaseRunner.java:41)
... Removed 48 stack frames]]>
    </failure>
  </testcase> <!-- test2 -->
  <testcase classname="a8HowToRunFailedTestCases.demo1" name="test4" time="0.0">
    <ignored/>
  </testcase> <!-- test4 -->
</testsuite> <!-- Test(failed) -->
