<?xml version="1.0" encoding="UTF-8"?>
<testng-results ignored="0" total="1" passed="1" failed="0" skipped="0">
  <reporter-output>
  </reporter-output>
  <suite started-at="2022-04-15T14:58:06 IST" name="Default suite" finished-at="2022-04-15T14:58:32 IST" duration-ms="25966">
    <groups>
    </groups>
    <test started-at="2022-04-15T14:58:06 IST" name="Default test" finished-at="2022-04-15T14:58:32 IST" duration-ms="25966">
      <class name="orangeHrTestCases.LoginTest">
        <test-method is-config="true" signature="setup()[pri:0, instance:orangeHrTestCases.LoginTest@a514af7]" started-at="2022-04-15T14:58:06 IST" name="setup" finished-at="2022-04-15T14:58:22 IST" duration-ms="15582" status="PASS">
          <reporter-output>
          </reporter-output>
        </test-method> <!-- setup -->
        <test-method signature="verifyLogin()[pri:0, instance:orangeHrTestCases.LoginTest@a514af7]" started-at="2022-04-15T14:58:22 IST" name="verifyLogin" finished-at="2022-04-15T14:58:32 IST" duration-ms="10031" status="PASS">
          <reporter-output>
          </reporter-output>
        </test-method> <!-- verifyLogin -->
        <test-method is-config="true" signature="close()[pri:0, instance:orangeHrTestCases.LoginTest@a514af7]" started-at="2022-04-15T14:58:32 IST" name="close" finished-at="2022-04-15T14:58:32 IST" duration-ms="297" status="PASS">
          <reporter-output>
          </reporter-output>
        </test-method> <!-- close -->
      </class> <!-- orangeHrTestCases.LoginTest -->
    </test> <!-- Default test -->
  </suite> <!-- Default suite -->
</testng-results>
