<?xml version="1.0" encoding="UTF-8"?>
<!-- Generated by org.testng.reporters.JUnitXMLReporter -->
<testsuite ignored="0" hostname="LAPTOP-QEHBLUVJ" failures="0" tests="1" name="Test" time="6.969" errors="0" timestamp="2022-04-10T13:06:42 IST">
  <testcase classname="a4CrossBrowser.BySwitchCase" name="@BeforeTest Launch" time="6.867">
    <failure type="java.lang.ClassCastException" message="class io.github.bonigarcia.wdm.managers.EdgeDriverManager cannot be cast to class org.openqa.selenium.WebDriver (io.github.bonigarcia.wdm.managers.EdgeDriverManager and org.openqa.selenium.WebDriver are in unnamed module of loader &amp;apos;app&amp;apos;)">
      <![CDATA[java.lang.ClassCastException: class io.github.bonigarcia.wdm.managers.EdgeDriverManager cannot be cast to class org.openqa.selenium.WebDriver (io.github.bonigarcia.wdm.managers.EdgeDriverManager and org.openqa.selenium.WebDriver are in unnamed module of loader 'app')
at a4CrossBrowser.BySwitchCase.Launch(BySwitchCase.java:32)
... Removed 24 stack frames]]>
    </failure>
  </testcase> <!-- @BeforeTest Launch -->
  <testcase classname="a4CrossBrowser.BySwitchCase" name="@AfterTest close" time="-1.649576202167E9">
    <skipped/>
  </testcase> <!-- @AfterTest close -->
  <testcase classname="a4CrossBrowser.BySwitchCase" name="Verify" time="0.0">
    <skipped/>
  </testcase> <!-- Verify -->
</testsuite> <!-- Test -->
